{
  "RSpec": {
    "coverage": {
      "/home/nishant/rails/tweets/spec/support/controller_macros.rb": [
        1,
        1,
        3,
        20,
        20,
        20,
        null,
        null,
        null
      ],
      "/home/nishant/rails/tweets/app/controllers/followings_controller.rb": [
        1,
        1,
        null,
        1,
        null,
        null,
        2,
        2,
        2,
        2,
        null,
        0,
        null,
        null,
        null,
        null,
        null,
        1,
        0,
        0,
        null,
        0,
        null,
        null,
        1,
        null,
        1,
        4,
        4,
        null,
        null,
        1,
        2,
        null,
        null
      ],
      "/home/nishant/rails/tweets/app/controllers/application_controller.rb": [
        null,
        1,
        null,
        null,
        1,
        1,
        null,
        1,
        null,
        1,
        0,
        null,
        null,
        1,
        0,
        null,
        null,
        null,
        null,
        null,
        1,
        10,
        10,
        null,
        0,
        null,
        null,
        null
      ],
      "/home/nishant/rails/tweets/spec/controllers/post_spec.rb": [
        1,
        null,
        1,
        1,
        1,
        7,
        7,
        null,
        1,
        1,
        2,
        2,
        null,
        1,
        1,
        1,
        null,
        1,
        1,
        1,
        null,
        null,
        null,
        1,
        1,
        3,
        3,
        null,
        1,
        1,
        1,
        1,
        null,
        null,
        1,
        1,
        1,
        null,
        null,
        1,
        1,
        null,
        null,
        null,
        1,
        1,
        1,
        null,
        null,
        1,
        0,
        null,
        null,
        null,
        null,
        1,
        1,
        2,
        2,
        null,
        1,
        1,
        null,
        2,
        null,
        null,
        1,
        1,
        1,
        null,
        1,
        1,
        1,
        null,
        1,
        1,
        null,
        null,
        null,
        null,
        null
      ],
      "/home/nishant/rails/tweets/app/controllers/posts_controller.rb": [
        1,
        1,
        1,
        1,
        null,
        null,
        null,
        1,
        null,
        null,
        2,
        null,
        null,
        1,
        null,
        null,
        1,
        2,
        2,
        2,
        2,
        null,
        null,
        null,
        0,
        0,
        null,
        null,
        null,
        null,
        1,
        0,
        0,
        null,
        null,
        1,
        0,
        0,
        null,
        null,
        null,
        null,
        null,
        1,
        2,
        2,
        null,
        null,
        null,
        1,
        null,
        1,
        2,
        2,
        null,
        null,
        1,
        3,
        0,
        0,
        0,
        0,
        null,
        null,
        null,
        null,
        1,
        2,
        null,
        null
      ],
      "/home/nishant/rails/tweets/spec/controllers/user_spec.rb": [
        1,
        null,
        1,
        1,
        1,
        7,
        7,
        null,
        1,
        1,
        5,
        null,
        null,
        1,
        1,
        3,
        null,
        1,
        1,
        null,
        1,
        1,
        null,
        1,
        1,
        null,
        null,
        1,
        1,
        2,
        2,
        null,
        1,
        1,
        null,
        1,
        1,
        null,
        null,
        null,
        null,
        1,
        1,
        2,
        2,
        null,
        null,
        1,
        1,
        null,
        null,
        1,
        1,
        1,
        null,
        null,
        null
      ],
      "/home/nishant/rails/tweets/app/controllers/users_controller.rb": [
        1,
        1,
        1,
        null,
        1,
        0,
        null,
        null,
        1,
        null,
        null,
        null,
        null,
        1,
        0,
        null,
        null,
        1,
        null,
        null,
        2,
        null,
        null,
        1,
        0,
        0,
        null,
        null,
        1,
        0,
        0,
        null,
        null,
        1,
        0,
        0,
        null,
        null,
        null,
        null,
        null,
        1,
        null,
        1,
        3,
        null,
        null,
        1,
        5,
        5,
        2,
        2,
        null,
        null,
        null
      ],
      "/home/nishant/rails/tweets/spec/models/user_spec.rb": [
        1,
        1,
        1,
        7,
        null,
        1,
        1,
        null,
        1,
        1,
        1,
        null,
        1,
        1,
        1,
        null,
        1,
        1,
        1,
        null,
        null,
        null,
        1,
        1,
        1,
        null,
        1,
        1,
        null,
        null,
        1,
        1,
        1,
        null,
        1,
        1,
        null,
        null,
        1,
        1,
        1,
        null,
        1,
        1,
        null,
        null,
        null
      ],
      "/home/nishant/rails/tweets/app/models/following.rb": [
        1,
        1,
        1,
        1,
        1,
        1,
        null,
        null,
        null,
        null,
        null,
        null,
        null,
        1,
        7,
        null,
        null,
        null
      ],
      "/home/nishant/rails/tweets/app/models/post.rb": [
        1,
        null,
        1,
        1,
        1,
        null,
        null,
        null,
        null,
        null
      ],
      "/home/nishant/rails/tweets/app/models/tweet.rb": [
        1,
        1,
        1,
        1,
        3,
        1,
        1,
        17,
        null,
        null,
        1,
        0,
        null,
        null,
        1,
        1,
        1,
        1,
        1,
        null,
        0,
        null,
        null,
        1,
        4,
        null,
        null,
        null,
        null
      ]
    },
    "timestamp": 1389259819
  }
}
